<?xml version="1.0" encoding="UTF-8" standalone="yes"?><!DOCTYPE report PUBLIC "-//JACOCO//DTD Report 1.1//EN" "report.dtd"><report name="com.github.josecxsta:cs-2019-01"><sessioninfo id="DESKTOP-9QSNID8-ae0e2720" start="1558295583053" dump="1558295591149"/><sessioninfo id="DESKTOP-9QSNID8-9563665b" start="1558296321276" dump="1558296325236"/><sessioninfo id="DESKTOP-9QSNID8-222578b6" start="1558296377634" dump="1558296383457"/><sessioninfo id="DESKTOP-9QSNID8-3e755047" start="1558296424068" dump="1558296432762"/><sessioninfo id="DESKTOP-9QSNID8-2ffa95cd" start="1558296662000" dump="1558296667249"/><sessioninfo id="DESKTOP-9QSNID8-65919e05" start="1558308625096" dump="1558308627809"/><sessioninfo id="DESKTOP-9QSNID8-c1329479" start="1558309064820" dump="1558309067868"/><sessioninfo id="DESKTOP-9QSNID8-2010b1b3" start="1558309131099" dump="1558309134846"/><sessioninfo id="DESKTOP-9QSNID8-7450a255" start="1558309258887" dump="1558309262970"/><sessioninfo id="DESKTOP-9QSNID8-c9e7b99d" start="1558309302968" dump="1558309307102"/><sessioninfo id="DESKTOP-9QSNID8-23e85e67" start="1558309430590" dump="1558309437118"/><sessioninfo id="DESKTOP-9QSNID8-b9176246" start="1558309513393" dump="1558309516675"/><sessioninfo id="DESKTOP-9QSNID8-a9cbd7a6" start="1558310019069" dump="1558310022433"/><sessioninfo id="DESKTOP-9QSNID8-8394e5f4" start="1558310123888" dump="1558310127076"/><sessioninfo id="DESKTOP-9QSNID8-78b2afda" start="1558310219025" dump="1558310222286"/><sessioninfo id="DESKTOP-9QSNID8-6b85963b" start="1558656325171" dump="1558656333481"/><sessioninfo id="DESKTOP-9QSNID8-cee075fb" start="1558658455716" dump="1558658459808"/><sessioninfo id="DESKTOP-9QSNID8-8a7aea24" start="1558658502364" dump="1558658505571"/><sessioninfo id="DESKTOP-9QSNID8-45caed8c" start="1558658708630" dump="1558658714887"/><sessioninfo id="DESKTOP-9QSNID8-5a87f550" start="1558723789195" dump="1558723793429"/><sessioninfo id="DESKTOP-9QSNID8-13108ef6" start="1558723908677" dump="1558723911209"/><package name="com/github/josecxsta/ufg/cs/aula01/domain"><class name="com/github/josecxsta/ufg/cs/aula01/domain/AlgoritmosUtils" sourcefilename="AlgoritmosUtils.java"><method name="quadradoPerfeito" desc="(I)Z" line="98"><counter type="INSTRUCTION" missed="0" covered="34"/><counter type="BRANCH" missed="0" covered="8"/><counter type="LINE" missed="0" covered="9"/><counter type="COMPLEXITY" missed="0" covered="5"/><counter type="METHOD" missed="0" covered="1"/></method><method name="raizQuadrada" desc="(II)I" line="121"><counter type="INSTRUCTION" missed="0" covered="32"/><counter type="BRANCH" missed="0" covered="6"/><counter type="LINE" missed="0" covered="9"/><counter type="COMPLEXITY" missed="0" covered="4"/><counter type="METHOD" missed="0" covered="1"/></method><method name="razaoAurea" desc="(III)I" line="149"><counter type="INSTRUCTION" missed="0" covered="53"/><counter type="BRANCH" missed="1" covered="13"/><counter type="LINE" missed="0" covered="14"/><counter type="COMPLEXITY" missed="1" covered="7"/><counter type="METHOD" missed="0" covered="1"/></method><method name="valorPi" desc="(I)I" line="180"><counter type="INSTRUCTION" missed="0" covered="36"/><counter type="BRANCH" missed="0" covered="4"/><counter type="LINE" missed="0" covered="12"/><counter type="COMPLEXITY" missed="0" covered="3"/><counter type="METHOD" missed="0" covered="1"/></method><method name="fatorial" desc="(I)I" line="206"><counter type="INSTRUCTION" missed="0" covered="29"/><counter type="BRANCH" missed="0" covered="6"/><counter type="LINE" missed="0" covered="9"/><counter type="COMPLEXITY" missed="0" covered="4"/><counter type="METHOD" missed="0" covered="1"/></method><method name="fibonacci" desc="(I)I" line="231"><counter type="INSTRUCTION" missed="0" covered="41"/><counter type="BRANCH" missed="0" covered="10"/><counter type="LINE" missed="0" covered="12"/><counter type="COMPLEXITY" missed="0" covered="6"/><counter type="METHOD" missed="0" covered="1"/></method><method name="maiorDivisorComum" desc="(II)I" line="261"><counter type="INSTRUCTION" missed="0" covered="28"/><counter type="BRANCH" missed="1" covered="5"/><counter type="LINE" missed="0" covered="9"/><counter type="COMPLEXITY" missed="1" covered="3"/><counter type="METHOD" missed="0" covered="1"/></method><method name="maiorDivisorComum2" desc="(II)I" line="287"><counter type="INSTRUCTION" missed="0" covered="33"/><counter type="BRANCH" missed="1" covered="7"/><counter type="LINE" missed="0" covered="10"/><counter type="COMPLEXITY" missed="1" covered="4"/><counter type="METHOD" missed="0" covered="1"/></method><method name="numeroPrimo" desc="(I)Z" line="314"><counter type="INSTRUCTION" missed="0" covered="22"/><counter type="BRANCH" missed="0" covered="6"/><counter type="LINE" missed="0" covered="8"/><counter type="COMPLEXITY" missed="0" covered="4"/><counter type="METHOD" missed="0" covered="1"/></method><method name="somaPrimeirosNaturais" desc="(I)I" line="338"><counter type="INSTRUCTION" missed="0" covered="29"/><counter type="BRANCH" missed="0" covered="6"/><counter type="LINE" missed="0" covered="9"/><counter type="COMPLEXITY" missed="0" covered="4"/><counter type="METHOD" missed="0" covered="1"/></method><method name="restoDivisao" desc="(II)I" line="363"><counter type="INSTRUCTION" missed="0" covered="21"/><counter type="BRANCH" missed="0" covered="6"/><counter type="LINE" missed="0" covered="6"/><counter type="COMPLEXITY" missed="0" covered="4"/><counter type="METHOD" missed="0" covered="1"/></method><method name="polinomio" desc="(I[I)I" line="385"><counter type="INSTRUCTION" missed="0" covered="34"/><counter type="BRANCH" missed="0" covered="4"/><counter type="LINE" missed="0" covered="7"/><counter type="COMPLEXITY" missed="0" covered="3"/><counter type="METHOD" missed="0" covered="1"/></method><method name="crivoEratostenes" desc="([II)Z" line="409"><counter type="INSTRUCTION" missed="0" covered="46"/><counter type="BRANCH" missed="1" covered="9"/><counter type="LINE" missed="0" covered="12"/><counter type="COMPLEXITY" missed="1" covered="5"/><counter type="METHOD" missed="0" covered="1"/></method><method name="potenciaSomas" desc="(II)I" line="441"><counter type="INSTRUCTION" missed="0" covered="24"/><counter type="BRANCH" missed="0" covered="6"/><counter type="LINE" missed="0" covered="8"/><counter type="COMPLEXITY" missed="0" covered="4"/><counter type="METHOD" missed="0" covered="1"/></method><method name="produtoDeInteiros" desc="(II)I" line="465"><counter type="INSTRUCTION" missed="0" covered="39"/><counter type="BRANCH" missed="0" covered="8"/><counter type="LINE" missed="0" covered="14"/><counter type="COMPLEXITY" missed="0" covered="5"/><counter type="METHOD" missed="0" covered="1"/></method><method name="logaritmo" desc="(II)I" line="497"><counter type="INSTRUCTION" missed="0" covered="42"/><counter type="BRANCH" missed="0" covered="6"/><counter type="LINE" missed="0" covered="12"/><counter type="COMPLEXITY" missed="0" covered="4"/><counter type="METHOD" missed="0" covered="1"/></method><counter type="INSTRUCTION" missed="0" covered="543"/><counter type="BRANCH" missed="4" covered="110"/><counter type="LINE" missed="0" covered="160"/><counter type="COMPLEXITY" missed="4" covered="69"/><counter type="METHOD" missed="0" covered="16"/><counter type="CLASS" missed="0" covered="1"/></class><class name="com/github/josecxsta/ufg/cs/aula01/domain/DataUtils" sourcefilename="DataUtils.java"><method name="dayValidate" desc="(I)Z" line="105"><counter type="INSTRUCTION" missed="0" covered="10"/><counter type="BRANCH" missed="0" covered="4"/><counter type="LINE" missed="0" covered="1"/><counter type="COMPLEXITY" missed="0" covered="3"/><counter type="METHOD" missed="0" covered="1"/></method><method name="monthValidate" desc="(I)Z" line="114"><counter type="INSTRUCTION" missed="0" covered="10"/><counter type="BRANCH" missed="1" covered="3"/><counter type="LINE" missed="0" covered="1"/><counter type="COMPLEXITY" missed="1" covered="2"/><counter type="METHOD" missed="0" covered="1"/></method><method name="yearValidate" desc="(I)Z" line="123"><counter type="INSTRUCTION" missed="0" covered="10"/><counter type="BRANCH" missed="1" covered="3"/><counter type="LINE" missed="0" covered="1"/><counter type="COMPLEXITY" missed="1" covered="2"/><counter type="METHOD" missed="0" covered="1"/></method><method name="diaDaSemana" desc="(III)I" line="136"><counter type="INSTRUCTION" missed="0" covered="75"/><counter type="BRANCH" missed="0" covered="14"/><counter type="LINE" missed="0" covered="7"/><counter type="COMPLEXITY" missed="0" covered="8"/><counter type="METHOD" missed="0" covered="1"/></method><counter type="INSTRUCTION" missed="0" covered="105"/><counter type="BRANCH" missed="2" covered="24"/><counter type="LINE" missed="0" covered="10"/><counter type="COMPLEXITY" missed="2" covered="15"/><counter type="METHOD" missed="0" covered="4"/><counter type="CLASS" missed="0" covered="1"/></class><class name="com/github/josecxsta/ufg/cs/aula01/domain/PropriedadeUtils" sourcefilename="PropriedadeUtils.java"><method name="prop153" desc="(I)Z" line="98"><counter type="INSTRUCTION" missed="0" covered="55"/><counter type="BRANCH" missed="0" covered="6"/><counter type="LINE" missed="0" covered="10"/><counter type="COMPLEXITY" missed="0" covered="4"/><counter type="METHOD" missed="0" covered="1"/></method><method name="prop3025" desc="(I)Z" line="122"><counter type="INSTRUCTION" missed="0" covered="35"/><counter type="BRANCH" missed="0" covered="6"/><counter type="LINE" missed="0" covered="7"/><counter type="COMPLEXITY" missed="0" covered="4"/><counter type="METHOD" missed="0" covered="1"/></method><counter type="INSTRUCTION" missed="0" covered="90"/><counter type="BRANCH" missed="0" covered="12"/><counter type="LINE" missed="0" covered="17"/><counter type="COMPLEXITY" missed="0" covered="8"/><counter type="METHOD" missed="0" covered="2"/><counter type="CLASS" missed="0" covered="1"/></class><class name="com/github/josecxsta/ufg/cs/aula01/domain/CpfUtils" sourcefilename="CpfUtils.java"><method name="converteSequenciaEmInteiros" desc="(Ljava/lang/String;)[I" line="85"><counter type="INSTRUCTION" missed="0" covered="21"/><counter type="BRANCH" missed="0" covered="2"/><counter type="LINE" missed="0" covered="4"/><counter type="COMPLEXITY" missed="0" covered="2"/><counter type="METHOD" missed="0" covered="1"/></method><method name="validaCpf" desc="(Ljava/lang/String;)Z" line="102"><counter type="INSTRUCTION" missed="0" covered="142"/><counter type="BRANCH" missed="1" covered="5"/><counter type="LINE" missed="0" covered="8"/><counter type="COMPLEXITY" missed="1" covered="3"/><counter type="METHOD" missed="0" covered="1"/></method><method name="validaCpf2" desc="(Ljava/lang/String;)Z" line="134"><counter type="INSTRUCTION" missed="0" covered="73"/><counter type="BRANCH" missed="1" covered="7"/><counter type="LINE" missed="0" covered="13"/><counter type="COMPLEXITY" missed="1" covered="4"/><counter type="METHOD" missed="0" covered="1"/></method><counter type="INSTRUCTION" missed="0" covered="236"/><counter type="BRANCH" missed="2" covered="14"/><counter type="LINE" missed="0" covered="25"/><counter type="COMPLEXITY" missed="2" covered="9"/><counter type="METHOD" missed="0" covered="3"/><counter type="CLASS" missed="0" covered="1"/></class><sourcefile name="DataUtils.java"><line nr="105" mi="0" ci="10" mb="0" cb="4"/><line nr="114" mi="0" ci="10" mb="1" cb="3"/><line nr="123" mi="0" ci="10" mb="1" cb="3"/><line nr="136" mi="0" ci="9" mb="0" cb="6"/><line nr="137" mi="0" ci="5" mb="0" cb="0"/><line nr="140" mi="0" ci="10" mb="0" cb="4"/><line nr="141" mi="0" ci="8" mb="0" cb="2"/><line nr="142" mi="0" ci="8" mb="0" cb="2"/><line nr="144" mi="0" ci="28" mb="0" cb="0"/><line nr="148" mi="0" ci="7" mb="0" cb="0"/><counter type="INSTRUCTION" missed="0" covered="105"/><counter type="BRANCH" missed="2" covered="24"/><counter type="LINE" missed="0" covered="10"/><counter type="COMPLEXITY" missed="2" covered="15"/><counter type="METHOD" missed="0" covered="4"/><counter type="CLASS" missed="0" covered="1"/></sourcefile><sourcefile name="CpfUtils.java"><line nr="85" mi="0" ci="4" mb="0" cb="0"/><line nr="86" mi="0" ci="8" mb="0" cb="2"/><line nr="87" mi="0" ci="7" mb="0" cb="0"/><line nr="90" mi="0" ci="2" mb="0" cb="0"/><line nr="102" mi="0" ci="3" mb="0" cb="0"/><line nr="104" mi="0" ci="4" mb="0" cb="2"/><line nr="105" mi="0" ci="5" mb="0" cb="0"/><line nr="108" mi="0" ci="52" mb="0" cb="0"/><line nr="113" mi="0" ci="52" mb="0" cb="0"/><line nr="118" mi="0" ci="6" mb="0" cb="0"/><line nr="119" mi="0" ci="6" mb="0" cb="0"/><line nr="121" mi="0" ci="14" mb="1" cb="3"/><line nr="134" mi="0" ci="3" mb="0" cb="0"/><line nr="136" mi="0" ci="4" mb="0" cb="2"/><line nr="137" mi="0" ci="5" mb="0" cb="0"/><line nr="140" mi="0" ci="2" mb="0" cb="0"/><line nr="141" mi="0" ci="4" mb="0" cb="0"/><line nr="142" mi="0" ci="4" mb="0" cb="0"/><line nr="144" mi="0" ci="2" mb="0" cb="2"/><line nr="145" mi="0" ci="6" mb="0" cb="0"/><line nr="146" mi="0" ci="4" mb="0" cb="0"/><line nr="147" mi="0" ci="5" mb="0" cb="0"/><line nr="150" mi="0" ci="6" mb="0" cb="0"/><line nr="151" mi="0" ci="14" mb="0" cb="0"/><line nr="154" mi="0" ci="14" mb="1" cb="3"/><counter type="INSTRUCTION" missed="0" covered="236"/><counter type="BRANCH" missed="2" covered="14"/><counter type="LINE" missed="0" covered="25"/><counter type="COMPLEXITY" missed="2" covered="9"/><counter type="METHOD" missed="0" covered="3"/><counter type="CLASS" missed="0" covered="1"/></sourcefile><sourcefile name="AlgoritmosUtils.java"><line nr="98" mi="0" ci="7" mb="0" cb="2"/><line nr="99" mi="0" ci="2" mb="0" cb="2"/><line nr="100" mi="0" ci="5" mb="0" cb="0"/><line nr="103" mi="0" ci="2" mb="0" cb="0"/><line nr="104" mi="0" ci="2" mb="0" cb="0"/><line nr="105" mi="0" ci="4" mb="0" cb="2"/><line nr="106" mi="0" ci="1" mb="0" cb="0"/><line nr="107" mi="0" ci="4" mb="0" cb="0"/><line nr="110" mi="0" ci="7" mb="0" cb="2"/><line nr="121" mi="0" ci="7" mb="0" cb="2"/><line nr="123" mi="0" ci="2" mb="0" cb="2"/><line nr="124" mi="0" ci="5" mb="0" cb="0"/><line nr="127" mi="0" ci="2" mb="0" cb="0"/><line nr="128" mi="0" ci="2" mb="0" cb="0"/><line nr="130" mi="0" ci="3" mb="0" cb="2"/><line nr="131" mi="0" ci="8" mb="0" cb="0"/><line nr="132" mi="0" ci="1" mb="0" cb="0"/><line nr="135" mi="0" ci="2" mb="0" cb="0"/><line nr="149" mi="0" ci="6" mb="0" cb="2"/><line nr="150" mi="0" ci="7" mb="0" cb="2"/><line nr="151" mi="0" ci="6" mb="0" cb="2"/><line nr="153" mi="0" ci="6" mb="1" cb="5"/><line nr="154" mi="0" ci="5" mb="0" cb="0"/><line nr="157" mi="0" ci="2" mb="0" cb="0"/><line nr="158" mi="0" ci="2" mb="0" cb="0"/><line nr="159" mi="0" ci="2" mb="0" cb="0"/><line nr="160" mi="0" ci="4" mb="0" cb="2"/><line nr="161" mi="0" ci="2" mb="0" cb="0"/><line nr="162" mi="0" ci="4" mb="0" cb="0"/><line nr="163" mi="0" ci="2" mb="0" cb="0"/><line nr="164" mi="0" ci="1" mb="0" cb="0"/><line nr="167" mi="0" ci="4" mb="0" cb="0"/><line nr="180" mi="0" ci="3" mb="0" cb="2"/><line nr="181" mi="0" ci="5" mb="0" cb="0"/><line nr="184" mi="0" ci="2" mb="0" cb="0"/><line nr="185" mi="0" ci="2" mb="0" cb="0"/><line nr="186" mi="0" ci="2" mb="0" cb="0"/><line nr="187" mi="0" ci="2" mb="0" cb="0"/><line nr="188" mi="0" ci="4" mb="0" cb="2"/><line nr="189" mi="0" ci="1" mb="0" cb="0"/><line nr="190" mi="0" ci="4" mb="0" cb="0"/><line nr="191" mi="0" ci="8" mb="0" cb="0"/><line nr="192" mi="0" ci="1" mb="0" cb="0"/><line nr="195" mi="0" ci="2" mb="0" cb="0"/><line nr="206" mi="0" ci="7" mb="0" cb="2"/><line nr="208" mi="0" ci="2" mb="0" cb="2"/><line nr="209" mi="0" ci="5" mb="0" cb="0"/><line nr="212" mi="0" ci="2" mb="0" cb="0"/><line nr="213" mi="0" ci="2" mb="0" cb="0"/><line nr="215" mi="0" ci="4" mb="0" cb="2"/><line nr="216" mi="0" ci="4" mb="0" cb="0"/><line nr="217" mi="0" ci="1" mb="0" cb="0"/><line nr="220" mi="0" ci="2" mb="0" cb="0"/><line nr="231" mi="0" ci="2" mb="0" cb="2"/><line nr="232" mi="0" ci="5" mb="0" cb="0"/><line nr="235" mi="0" ci="2" mb="0" cb="0"/><line nr="236" mi="0" ci="2" mb="0" cb="0"/><line nr="237" mi="0" ci="9" mb="0" cb="4"/><line nr="238" mi="0" ci="2" mb="0" cb="0"/><line nr="241" mi="0" ci="4" mb="0" cb="2"/><line nr="242" mi="0" ci="2" mb="0" cb="0"/><line nr="243" mi="0" ci="4" mb="0" cb="0"/><line nr="244" mi="0" ci="2" mb="0" cb="0"/><line nr="245" mi="0" ci="1" mb="0" cb="0"/><line nr="248" mi="0" ci="6" mb="0" cb="2"/><line nr="261" mi="0" ci="6" mb="1" cb="3"/><line nr="262" mi="0" ci="5" mb="0" cb="0"/><line nr="266" mi="0" ci="2" mb="0" cb="0"/><line nr="267" mi="0" ci="2" mb="0" cb="0"/><line nr="268" mi="0" ci="3" mb="0" cb="2"/><line nr="269" mi="0" ci="4" mb="0" cb="0"/><line nr="270" mi="0" ci="2" mb="0" cb="0"/><line nr="271" mi="0" ci="2" mb="0" cb="0"/><line nr="274" mi="0" ci="2" mb="0" cb="0"/><line nr="287" mi="0" ci="6" mb="1" cb="3"/><line nr="288" mi="0" ci="5" mb="0" cb="0"/><line nr="291" mi="0" ci="2" mb="0" cb="0"/><line nr="292" mi="0" ci="2" mb="0" cb="0"/><line nr="293" mi="0" ci="4" mb="0" cb="2"/><line nr="295" mi="0" ci="3" mb="0" cb="2"/><line nr="296" mi="0" ci="4" mb="0" cb="0"/><line nr="297" mi="0" ci="1" mb="0" cb="0"/><line nr="298" mi="0" ci="4" mb="0" cb="0"/><line nr="303" mi="0" ci="2" mb="0" cb="0"/><line nr="314" mi="0" ci="2" mb="0" cb="2"/><line nr="315" mi="0" ci="5" mb="0" cb="0"/><line nr="318" mi="0" ci="2" mb="0" cb="0"/><line nr="319" mi="0" ci="4" mb="0" cb="2"/><line nr="320" mi="0" ci="4" mb="0" cb="2"/><line nr="321" mi="0" ci="2" mb="0" cb="0"/><line nr="324" mi="0" ci="1" mb="0" cb="0"/><line nr="327" mi="0" ci="2" mb="0" cb="0"/><line nr="338" mi="0" ci="7" mb="0" cb="2"/><line nr="340" mi="0" ci="2" mb="0" cb="2"/><line nr="341" mi="0" ci="5" mb="0" cb="0"/><line nr="344" mi="0" ci="2" mb="0" cb="0"/><line nr="345" mi="0" ci="2" mb="0" cb="0"/><line nr="346" mi="0" ci="4" mb="0" cb="2"/><line nr="347" mi="0" ci="4" mb="0" cb="0"/><line nr="348" mi="0" ci="1" mb="0" cb="0"/><line nr="351" mi="0" ci="2" mb="0" cb="0"/><line nr="363" mi="0" ci="4" mb="0" cb="4"/><line nr="364" mi="0" ci="5" mb="0" cb="0"/><line nr="367" mi="0" ci="2" mb="0" cb="0"/><line nr="369" mi="0" ci="4" mb="0" cb="2"/><line nr="370" mi="0" ci="4" mb="0" cb="0"/><line nr="373" mi="0" ci="2" mb="0" cb="0"/><line nr="385" mi="0" ci="3" mb="0" cb="0"/><line nr="387" mi="0" ci="2" mb="0" cb="2"/><line nr="388" mi="0" ci="5" mb="0" cb="0"/><line nr="391" mi="0" ci="6" mb="0" cb="0"/><line nr="392" mi="0" ci="8" mb="0" cb="2"/><line nr="393" mi="0" ci="8" mb="0" cb="0"/><line nr="396" mi="0" ci="2" mb="0" cb="0"/><line nr="409" mi="0" ci="3" mb="0" cb="2"/><line nr="410" mi="0" ci="5" mb="0" cb="0"/><line nr="413" mi="0" ci="2" mb="0" cb="0"/><line nr="414" mi="0" ci="5" mb="0" cb="0"/><line nr="415" mi="0" ci="4" mb="0" cb="2"/><line nr="417" mi="0" ci="4" mb="1" cb="1"/><line nr="418" mi="0" ci="4" mb="0" cb="0"/><line nr="419" mi="0" ci="4" mb="0" cb="2"/><line nr="420" mi="0" ci="4" mb="0" cb="0"/><line nr="421" mi="0" ci="1" mb="0" cb="0"/><line nr="426" mi="0" ci="1" mb="0" cb="0"/><line nr="429" mi="0" ci="9" mb="0" cb="2"/><line nr="441" mi="0" ci="4" mb="0" cb="4"/><line nr="442" mi="0" ci="5" mb="0" cb="0"/><line nr="445" mi="0" ci="2" mb="0" cb="0"/><line nr="446" mi="0" ci="2" mb="0" cb="0"/><line nr="448" mi="0" ci="4" mb="0" cb="2"/><line nr="449" mi="0" ci="4" mb="0" cb="0"/><line nr="450" mi="0" ci="1" mb="0" cb="0"/><line nr="453" mi="0" ci="2" mb="0" cb="0"/><line nr="465" mi="0" ci="6" mb="0" cb="4"/><line nr="466" mi="0" ci="2" mb="0" cb="0"/><line nr="467" mi="0" ci="5" mb="0" cb="0"/><line nr="470" mi="0" ci="2" mb="0" cb="0"/><line nr="471" mi="0" ci="2" mb="0" cb="0"/><line nr="472" mi="0" ci="3" mb="0" cb="2"/><line nr="473" mi="0" ci="2" mb="0" cb="0"/><line nr="474" mi="0" ci="2" mb="0" cb="0"/><line nr="477" mi="0" ci="2" mb="0" cb="0"/><line nr="478" mi="0" ci="2" mb="0" cb="0"/><line nr="479" mi="0" ci="4" mb="0" cb="2"/><line nr="480" mi="0" ci="4" mb="0" cb="0"/><line nr="481" mi="0" ci="1" mb="0" cb="0"/><line nr="484" mi="0" ci="2" mb="0" cb="0"/><line nr="497" mi="0" ci="6" mb="0" cb="4"/><line nr="498" mi="0" ci="5" mb="0" cb="0"/><line nr="501" mi="0" ci="2" mb="0" cb="0"/><line nr="502" mi="0" ci="4" mb="0" cb="0"/><line nr="503" mi="0" ci="2" mb="0" cb="0"/><line nr="504" mi="0" ci="2" mb="0" cb="0"/><line nr="505" mi="0" ci="4" mb="0" cb="2"/><line nr="506" mi="0" ci="4" mb="0" cb="0"/><line nr="507" mi="0" ci="4" mb="0" cb="0"/><line nr="508" mi="0" ci="6" mb="0" cb="0"/><line nr="509" mi="0" ci="1" mb="0" cb="0"/><line nr="512" mi="0" ci="2" mb="0" cb="0"/><counter type="INSTRUCTION" missed="0" covered="543"/><counter type="BRANCH" missed="4" covered="110"/><counter type="LINE" missed="0" covered="160"/><counter type="COMPLEXITY" missed="4" covered="69"/><counter type="METHOD" missed="0" covered="16"/><counter type="CLASS" missed="0" covered="1"/></sourcefile><sourcefile name="PropriedadeUtils.java"><line nr="98" mi="0" ci="5" mb="0" cb="4"/><line nr="99" mi="0" ci="5" mb="0" cb="0"/><line nr="102" mi="0" ci="4" mb="0" cb="0"/><line nr="103" mi="0" ci="4" mb="0" cb="0"/><line nr="104" mi="0" ci="4" mb="0" cb="0"/><line nr="105" mi="0" ci="4" mb="0" cb="0"/><line nr="106" mi="0" ci="6" mb="0" cb="0"/><line nr="107" mi="0" ci="6" mb="0" cb="0"/><line nr="108" mi="0" ci="6" mb="0" cb="0"/><line nr="110" mi="0" ci="11" mb="0" cb="2"/><line nr="122" mi="0" ci="5" mb="0" cb="4"/><line nr="123" mi="0" ci="5" mb="0" cb="0"/><line nr="126" mi="0" ci="4" mb="0" cb="0"/><line nr="127" mi="0" ci="4" mb="0" cb="0"/><line nr="128" mi="0" ci="6" mb="0" cb="0"/><line nr="129" mi="0" ci="4" mb="0" cb="0"/><line nr="131" mi="0" ci="7" mb="0" cb="2"/><counter type="INSTRUCTION" missed="0" covered="90"/><counter type="BRANCH" missed="0" covered="12"/><counter type="LINE" missed="0" covered="17"/><counter type="COMPLEXITY" missed="0" covered="8"/><counter type="METHOD" missed="0" covered="2"/><counter type="CLASS" missed="0" covered="1"/></sourcefile><counter type="INSTRUCTION" missed="0" covered="974"/><counter type="BRANCH" missed="8" covered="160"/><counter type="LINE" missed="0" covered="212"/><counter type="COMPLEXITY" missed="8" covered="101"/><counter type="METHOD" missed="0" covered="25"/><counter type="CLASS" missed="0" covered="4"/></package><counter type="INSTRUCTION" missed="0" covered="974"/><counter type="BRANCH" missed="8" covered="160"/><counter type="LINE" missed="0" covered="212"/><counter type="COMPLEXITY" missed="8" covered="101"/><counter type="METHOD" missed="0" covered="25"/><counter type="CLASS" missed="0" covered="4"/></report>