GROUP,PACKAGE,CLASS,INSTRUCTION_MISSED,INSTRUCTION_COVERED,BRANCH_MISSED,BRANCH_COVERED,LINE_MISSED,LINE_COVERED,COMPLEXITY_MISSED,COMPLEXITY_COVERED,METHOD_MISSED,METHOD_COVERED
com.github.josecxsta:cs-2019-01,com.github.josecxsta.ufg.cs.aula01.domain,AlgoritmosUtils,0,561,4,118,0,162,4,73,0,16
com.github.josecxsta:cs-2019-01,com.github.josecxsta.ufg.cs.aula01.domain,DataUtils,0,105,2,24,0,10,2,15,0,4
com.github.josecxsta:cs-2019-01,com.github.josecxsta.ufg.cs.aula01.domain,PropriedadeUtils,0,90,0,12,0,17,0,8,0,2
com.github.josecxsta:cs-2019-01,com.github.josecxsta.ufg.cs.aula01.domain,CpfUtils,0,236,2,14,0,25,2,9,0,3
