<?xml version="1.0" encoding="UTF-8"?>
<testsuite xmlns:xsi="http://www.w3.org/2001/XMLSchema-instance" xsi:noNamespaceSchemaLocation="https://maven.apache.org/surefire/maven-surefire-plugin/xsd/surefire-test-report.xsd" name="com.github.josecxsta.ufg.cs.aula01.domain.AlgoritmoTest" time="0.197" tests="28" errors="0" skipped="0" failures="0">
  <properties>
[...]
</properties>
  <testcase name="quadradoPerfeitoErrado" classname="com.github.josecxsta.ufg.cs.aula01.domain.AlgoritmoTest" time="0.019"/>
  <testcase name="quadradoPerfeitoCerto" classname="com.github.josecxsta.ufg.cs.aula01.domain.AlgoritmoTest" time="0.003"/>
  <testcase name="raizQuadradaErro" classname="com.github.josecxsta.ufg.cs.aula01.domain.AlgoritmoTest" time="0.001"/>
  <testcase name="prop3025" classname="com.github.josecxsta.ufg.cs.aula01.domain.AlgoritmoTest" time="0"/>
  <testcase name="logaritmoErro" classname="com.github.josecxsta.ufg.cs.aula01.domain.AlgoritmoTest" time="0"/>
  <testcase name="valorPiCerto" classname="com.github.josecxsta.ufg.cs.aula01.domain.AlgoritmoTest" time="0"/>
  <testcase name="somaPrimeirosNaturaisCerto" classname="com.github.josecxsta.ufg.cs.aula01.domain.AlgoritmoTest" time="0"/>
  <testcase name="quadradoPerfeitoErro" classname="com.github.josecxsta.ufg.cs.aula01.domain.AlgoritmoTest" time="0"/>
  <testcase name="fibonacciAcertos" classname="com.github.josecxsta.ufg.cs.aula01.domain.AlgoritmoTest" time="0.001"/>
  <testcase name="valorPiErro" classname="com.github.josecxsta.ufg.cs.aula01.domain.AlgoritmoTest" time="0.002"/>
  <testcase name="crivoEratostenesErrado" classname="com.github.josecxsta.ufg.cs.aula01.domain.AlgoritmoTest" time="0.003"/>
  <testcase name="maiorDivisorComumCerto" classname="com.github.josecxsta.ufg.cs.aula01.domain.AlgoritmoTest" time="0.001"/>
  <testcase name="prop153" classname="com.github.josecxsta.ufg.cs.aula01.domain.AlgoritmoTest" time="0.006"/>
  <testcase name="classTest" classname="com.github.josecxsta.ufg.cs.aula01.domain.AlgoritmoTest" time="0.001"/>
  <testcase name="Erros" classname="com.github.josecxsta.ufg.cs.aula01.domain.AlgoritmoTest" time="0.042"/>
  <testcase name="restoDivisaoCerto" classname="com.github.josecxsta.ufg.cs.aula01.domain.AlgoritmoTest" time="0"/>
  <testcase name="produtoDeInteirosErro" classname="com.github.josecxsta.ufg.cs.aula01.domain.AlgoritmoTest" time="0"/>
  <testcase name="potenciaSomasCerto" classname="com.github.josecxsta.ufg.cs.aula01.domain.AlgoritmoTest" time="0"/>
  <testcase name="crivoEratostenesCerto" classname="com.github.josecxsta.ufg.cs.aula01.domain.AlgoritmoTest" time="0"/>
  <testcase name="logaritmoCerto" classname="com.github.josecxsta.ufg.cs.aula01.domain.AlgoritmoTest" time="0"/>
  <testcase name="fibonacciErro" classname="com.github.josecxsta.ufg.cs.aula01.domain.AlgoritmoTest" time="0"/>
  <testcase name="razaoAureaErros" classname="com.github.josecxsta.ufg.cs.aula01.domain.AlgoritmoTest" time="0.006"/>
  <testcase name="maiorDivisorComumErro" classname="com.github.josecxsta.ufg.cs.aula01.domain.AlgoritmoTest" time="0.002"/>
  <testcase name="produtoDeInteirosCerto" classname="com.github.josecxsta.ufg.cs.aula01.domain.AlgoritmoTest" time="0.001"/>
  <testcase name="fatorialAcertos" classname="com.github.josecxsta.ufg.cs.aula01.domain.AlgoritmoTest" time="0.003"/>
  <testcase name="numeroPrimoAcerto" classname="com.github.josecxsta.ufg.cs.aula01.domain.AlgoritmoTest" time="0.003"/>
  <testcase name="raizQuadradaCerto" classname="com.github.josecxsta.ufg.cs.aula01.domain.AlgoritmoTest" time="0.001"/>
  <testcase name="polinomioCerto" classname="com.github.josecxsta.ufg.cs.aula01.domain.AlgoritmoTest" time="0.001"/>
</testsuite>